<?xml version="1.0" encoding="UTF-8"?>
<!-- Generated by org.testng.reporters.JUnitXMLReporter -->
<testsuite hostname="hossain-laptop" name="Command line test" tests="1" failures="1" timestamp="24 May 2017 01:03:43 GMT" time="41.931" errors="0">
  <testcase name="testProductsMenu" time="20.273" classname="TestHomePage.TestGlobalMenu">
    <failure type="java.lang.IndexOutOfBoundsException" message="Index: 0, Size: 0">
      <![CDATA[java.lang.IndexOutOfBoundsException: Index: 0, Size: 0
	at java.util.ArrayList.rangeCheck(ArrayList.java:653)
	at java.util.ArrayList.get(ArrayList.java:429)
	at org.openqa.selenium.support.pagefactory.internal.LocatingElementListHandler.invoke(LocatingElementListHandler.java:39)
	at com.sun.proxy.$Proxy7.get(Unknown Source)
	at ui.Homepage.UiHomepage.productsMenu(UiHomepage.java:22)
	at TestHomePage.TestGlobalMenu.testProductsMenu(TestGlobalMenu.java:15)
... Removed 37 stack frames]]>
    </failure>
  </testcase> <!-- testProductsMenu -->
</testsuite> <!-- Command line test -->
